<?xml version="1.0" encoding="UTF-8"?>
<!-- Generated by org.testng.reporters.JUnitReportReporter -->
<testsuite hostname="JagrathShetty" failures="0" tests="1" name="extentReport.AttachScreenshot" time="9.424" errors="0" timestamp="2024-05-10T15:42:04 IST" skipped="0">
  <testcase classname="extentReport.AttachScreenshot" name="screenshot" time="9.424"/>
  <system-out/>
</testsuite> <!-- extentReport.AttachScreenshot -->
